2025-10-10 21:01:40,760  INFO 10470 simply-ai-server-web   [main] com.simply.ai.server.web.WebApplication.logStarting:55  Starting WebApplication using Java 17.0.14 on 192.168.2.32 with PID 10470 (/Users/guojingwei/project/SimplyAiTools/web/target/classes started by guojingwei in /Users/guojingwei/project/SimplyAiTools)
2025-10-10 21:01:40,763  INFO 10470 simply-ai-server-web   [main] com.simply.ai.server.web.WebApplication.logStartupProfileInfo:651  The following 1 profile is active: "${AI_PROJECT_ENV}"
2025-10-10 21:01:41,473  INFO 10470 simply-ai-server-web   [main] o.s.d.r.c.RepositoryConfigurationDelegate.multipleStoresDetected:262  Multiple Spring Data modules found, entering strict repository configuration mode
2025-10-10 21:01:41,475  INFO 10470 simply-ai-server-web   [main] o.s.d.r.c.RepositoryConfigurationDelegate.registerRepositoriesIn:132  Bootstrapping Spring Data Redis repositories in DEFAULT mode.
2025-10-10 21:01:41,490  INFO 10470 simply-ai-server-web   [main] o.s.d.r.c.RepositoryConfigurationDelegate.registerRepositoriesIn:201  Finished Spring Data repository scanning in 3 ms. Found 0 Redis repository interfaces.
2025-10-10 21:01:41,613  WARN 10470 simply-ai-server-web   [main] o.m.s.mapper.ClassPathMapperScanner.warn:44  No MyBatis mapper was found in '[com.simply.ai.server.web]' package. Please check your configuration.
2025-10-10 21:01:41,682  INFO 10470 simply-ai-server-web   [main] o.s.cloud.context.scope.GenericScope.setSerializationId:283  BeanFactory id=5868e02a-569b-3fa3-8997-63ff12601f13
2025-10-10 21:01:42,410  INFO 10470 simply-ai-server-web   [main] o.s.b.w.embedded.tomcat.TomcatWebServer.initialize:108  Tomcat initialized with port(s): 8080 (http)
2025-10-10 21:01:42,418  INFO 10470 simply-ai-server-web   [main] o.apache.catalina.core.StandardService.log:173  Starting service [Tomcat]
2025-10-10 21:01:42,418  INFO 10470 simply-ai-server-web   [main] org.apache.catalina.core.StandardEngine.log:173  Starting Servlet engine: [Apache Tomcat/9.0.65]
2025-10-10 21:01:42,500  INFO 10470 simply-ai-server-web   [main] o.a.c.c.C.[Tomcat].[localhost].[/].log:173  Initializing Spring embedded WebApplicationContext
2025-10-10 21:01:42,501  INFO 10470 simply-ai-server-web   [main] o.s.b.w.s.c.ServletWebServerApplicationContext.prepareWebApplicationContext:290  Root WebApplicationContext: initialization completed in 1681 ms
2025-10-10 21:01:42,555  WARN 10470 simply-ai-server-web   [main] o.s.b.w.s.c.AnnotationConfigServletWebServerApplicationContext.refresh:591  Exception encountered during context initialization - cancelling refresh attempt: org.springframework.beans.factory.BeanCreationException: Error creating bean with name 'cacheManagerConfiguration': Injection of autowired dependencies failed; nested exception is java.lang.IllegalArgumentException: Could not resolve placeholder 'spring.redis.host' in value "${spring.redis.host}"
2025-10-10 21:01:42,557  INFO 10470 simply-ai-server-web   [main] o.apache.catalina.core.StandardService.log:173  Stopping service [Tomcat]
2025-10-10 21:01:42,598  INFO 10470 simply-ai-server-web   [main] o.s.b.a.l.ConditionEvaluationReportLoggingListener.logMessage:136  

Error starting ApplicationContext. To display the conditions report re-run your application with 'debug' enabled.
2025-10-10 21:01:42,620 ERROR 10470 simply-ai-server-web   [main] o.s.boot.SpringApplication.reportFailure:835  Application run failed
org.springframework.beans.factory.BeanCreationException: Error creating bean with name 'cacheManagerConfiguration': Injection of autowired dependencies failed; nested exception is java.lang.IllegalArgumentException: Could not resolve placeholder 'spring.redis.host' in value "${spring.redis.host}"
	at org.springframework.beans.factory.annotation.AutowiredAnnotationBeanPostProcessor.postProcessProperties(AutowiredAnnotationBeanPostProcessor.java:405) ~[spring-beans-5.3.22.jar:5.3.22]
	at org.springframework.beans.factory.support.AbstractAutowireCapableBeanFactory.populateBean(AbstractAutowireCapableBeanFactory.java:1431) ~[spring-beans-5.3.22.jar:5.3.22]
	at org.springframework.beans.factory.support.AbstractAutowireCapableBeanFactory.doCreateBean(AbstractAutowireCapableBeanFactory.java:619) ~[spring-beans-5.3.22.jar:5.3.22]
	at org.springframework.beans.factory.support.AbstractAutowireCapableBeanFactory.createBean(AbstractAutowireCapableBeanFactory.java:542) ~[spring-beans-5.3.22.jar:5.3.22]
	at org.springframework.beans.factory.support.AbstractBeanFactory.lambda$doGetBean$0(AbstractBeanFactory.java:335) ~[spring-beans-5.3.22.jar:5.3.22]
	at org.springframework.beans.factory.support.DefaultSingletonBeanRegistry.getSingleton(DefaultSingletonBeanRegistry.java:234) ~[spring-beans-5.3.22.jar:5.3.22]
	at org.springframework.beans.factory.support.AbstractBeanFactory.doGetBean(AbstractBeanFactory.java:333) ~[spring-beans-5.3.22.jar:5.3.22]
	at org.springframework.beans.factory.support.AbstractBeanFactory.getBean(AbstractBeanFactory.java:208) ~[spring-beans-5.3.22.jar:5.3.22]
	at org.springframework.beans.factory.support.DefaultListableBeanFactory.preInstantiateSingletons(DefaultListableBeanFactory.java:955) ~[spring-beans-5.3.22.jar:5.3.22]
	at org.springframework.context.support.AbstractApplicationContext.finishBeanFactoryInitialization(AbstractApplicationContext.java:918) ~[spring-context-5.3.22.jar:5.3.22]
	at org.springframework.context.support.AbstractApplicationContext.refresh(AbstractApplicationContext.java:583) ~[spring-context-5.3.22.jar:5.3.22]
	at org.springframework.boot.web.servlet.context.ServletWebServerApplicationContext.refresh(ServletWebServerApplicationContext.java:145) ~[spring-boot-2.6.11.jar:2.6.11]
	at org.springframework.boot.SpringApplication.refresh(SpringApplication.java:745) ~[spring-boot-2.6.11.jar:2.6.11]
	at org.springframework.boot.SpringApplication.refreshContext(SpringApplication.java:420) ~[spring-boot-2.6.11.jar:2.6.11]
	at org.springframework.boot.SpringApplication.run(SpringApplication.java:307) ~[spring-boot-2.6.11.jar:2.6.11]
	at org.springframework.boot.SpringApplication.run(SpringApplication.java:1317) ~[spring-boot-2.6.11.jar:2.6.11]
	at org.springframework.boot.SpringApplication.run(SpringApplication.java:1306) ~[spring-boot-2.6.11.jar:2.6.11]
	at com.simply.ai.server.web.WebApplication.main(WebApplication.java:34) ~[classes/:na]
Caused by: java.lang.IllegalArgumentException: Could not resolve placeholder 'spring.redis.host' in value "${spring.redis.host}"
	at org.springframework.util.PropertyPlaceholderHelper.parseStringValue(PropertyPlaceholderHelper.java:180) ~[spring-core-5.3.22.jar:5.3.22]
	at org.springframework.util.PropertyPlaceholderHelper.replacePlaceholders(PropertyPlaceholderHelper.java:126) ~[spring-core-5.3.22.jar:5.3.22]
	at org.springframework.core.env.AbstractPropertyResolver.doResolvePlaceholders(AbstractPropertyResolver.java:239) ~[spring-core-5.3.22.jar:5.3.22]
	at org.springframework.core.env.AbstractPropertyResolver.resolveRequiredPlaceholders(AbstractPropertyResolver.java:210) ~[spring-core-5.3.22.jar:5.3.22]
	at org.springframework.context.support.PropertySourcesPlaceholderConfigurer.lambda$processProperties$0(PropertySourcesPlaceholderConfigurer.java:191) ~[spring-context-5.3.22.jar:5.3.22]
	at org.springframework.beans.factory.support.AbstractBeanFactory.resolveEmbeddedValue(AbstractBeanFactory.java:936) ~[spring-beans-5.3.22.jar:5.3.22]
	at org.springframework.beans.factory.support.DefaultListableBeanFactory.doResolveDependency(DefaultListableBeanFactory.java:1332) ~[spring-beans-5.3.22.jar:5.3.22]
	at org.springframework.beans.factory.support.DefaultListableBeanFactory.resolveDependency(DefaultListableBeanFactory.java:1311) ~[spring-beans-5.3.22.jar:5.3.22]
	at org.springframework.beans.factory.annotation.AutowiredAnnotationBeanPostProcessor$AutowiredFieldElement.resolveFieldValue(AutowiredAnnotationBeanPostProcessor.java:656) ~[spring-beans-5.3.22.jar:5.3.22]
	at org.springframework.beans.factory.annotation.AutowiredAnnotationBeanPostProcessor$AutowiredFieldElement.inject(AutowiredAnnotationBeanPostProcessor.java:639) ~[spring-beans-5.3.22.jar:5.3.22]
	at org.springframework.beans.factory.annotation.InjectionMetadata.inject(InjectionMetadata.java:119) ~[spring-beans-5.3.22.jar:5.3.22]
	at org.springframework.beans.factory.annotation.AutowiredAnnotationBeanPostProcessor.postProcessProperties(AutowiredAnnotationBeanPostProcessor.java:399) ~[spring-beans-5.3.22.jar:5.3.22]
	... 17 common frames omitted
